2015-08-01 16:50:54.556 ERROR 83006 --- [main] o.s.b.l.LoggingApplicationListener       : Cannot set level: DEGUG for 'null'
2015-08-01 16:50:54.631  INFO 83006 --- [main] org.eclipse.jetty.util.log               : Logging initialized @1295ms
2015-08-01 16:50:54.690  INFO 83006 --- [main] t.a.springboot.controller.HealthCheckIT  : Starting HealthCheckIT on YULC02P60BLG3QN.sea.corp.expecn.com with PID 83006 (/Users/htchepannou/Perso/archetypes/springboot-rest/target/test-classes started by htchepannou in /Users/htchepannou/Perso/archetypes/springboot-rest)
2015-08-01 16:50:55.002  INFO 83006 --- [main] ationConfigEmbeddedWebApplicationContext : Refreshing org.springframework.boot.context.embedded.AnnotationConfigEmbeddedWebApplicationContext@2374d36a: startup date [Sat Aug 01 16:50:54 EDT 2015]; root of context hierarchy
2015-08-01 16:50:55.686  INFO 83006 --- [main] o.s.b.f.s.DefaultListableBeanFactory     : Overriding bean definition for bean 'beanNameViewResolver': replacing [Root bean: class [null]; scope=; abstract=false; lazyInit=false; autowireMode=3; dependencyCheck=0; autowireCandidate=true; primary=false; factoryBeanName=org.springframework.boot.autoconfigure.web.ErrorMvcAutoConfiguration$WhitelabelErrorViewConfiguration; factoryMethodName=beanNameViewResolver; initMethodName=null; destroyMethodName=(inferred); defined in class path resource [org/springframework/boot/autoconfigure/web/ErrorMvcAutoConfiguration$WhitelabelErrorViewConfiguration.class]] with [Root bean: class [null]; scope=; abstract=false; lazyInit=false; autowireMode=3; dependencyCheck=0; autowireCandidate=true; primary=false; factoryBeanName=org.springframework.boot.autoconfigure.web.WebMvcAutoConfiguration$WebMvcAutoConfigurationAdapter; factoryMethodName=beanNameViewResolver; initMethodName=null; destroyMethodName=(inferred); defined in class path resource [org/springframework/boot/autoconfigure/web/WebMvcAutoConfiguration$WebMvcAutoConfigurationAdapter.class]]
2015-08-01 16:50:55.717  INFO 83006 --- [main] o.s.b.f.s.DefaultListableBeanFactory     : Overriding bean definition for bean 'ignoredPathsWebSecurityConfigurerAdapter': replacing [Root bean: class [null]; scope=; abstract=false; lazyInit=false; autowireMode=3; dependencyCheck=0; autowireCandidate=true; primary=false; factoryBeanName=org.springframework.boot.autoconfigure.security.SpringBootWebSecurityConfiguration; factoryMethodName=ignoredPathsWebSecurityConfigurerAdapter; initMethodName=null; destroyMethodName=(inferred); defined in class path resource [org/springframework/boot/autoconfigure/security/SpringBootWebSecurityConfiguration.class]] with [Root bean: class [null]; scope=; abstract=false; lazyInit=false; autowireMode=3; dependencyCheck=0; autowireCandidate=true; primary=false; factoryBeanName=org.springframework.boot.actuate.autoconfigure.ManagementSecurityAutoConfiguration; factoryMethodName=ignoredPathsWebSecurityConfigurerAdapter; initMethodName=null; destroyMethodName=(inferred); defined in class path resource [org/springframework/boot/actuate/autoconfigure/ManagementSecurityAutoConfiguration.class]]
2015-08-01 16:50:56.636  INFO 83006 --- [main] trationDelegate$BeanPostProcessorChecker : Bean 'metricsConfig' of type [class tchepannou.archetypes.springboot.config.MetricsConfig$$EnhancerBySpringCGLIB$$3e609e19] is not eligible for getting processed by all BeanPostProcessors (for example: not eligible for auto-proxying)
2015-08-01 16:50:56.689  INFO 83006 --- [main] trationDelegate$BeanPostProcessorChecker : Bean 'org.springframework.transaction.annotation.ProxyTransactionManagementConfiguration' of type [class org.springframework.transaction.annotation.ProxyTransactionManagementConfiguration$$EnhancerBySpringCGLIB$$1ae09205] is not eligible for getting processed by all BeanPostProcessors (for example: not eligible for auto-proxying)
2015-08-01 16:50:56.747  INFO 83006 --- [main] trationDelegate$BeanPostProcessorChecker : Bean 'transactionAttributeSource' of type [class org.springframework.transaction.annotation.AnnotationTransactionAttributeSource] is not eligible for getting processed by all BeanPostProcessors (for example: not eligible for auto-proxying)
2015-08-01 16:50:56.771  INFO 83006 --- [main] trationDelegate$BeanPostProcessorChecker : Bean 'transactionInterceptor' of type [class org.springframework.transaction.interceptor.TransactionInterceptor] is not eligible for getting processed by all BeanPostProcessors (for example: not eligible for auto-proxying)
2015-08-01 16:50:56.787  INFO 83006 --- [main] trationDelegate$BeanPostProcessorChecker : Bean 'org.springframework.transaction.config.internalTransactionAdvisor' of type [class org.springframework.transaction.interceptor.BeanFactoryTransactionAttributeSourceAdvisor] is not eligible for getting processed by all BeanPostProcessors (for example: not eligible for auto-proxying)
2015-08-01 16:50:56.801  INFO 83006 --- [main] trationDelegate$BeanPostProcessorChecker : Bean 'com.ryantenney.metrics.spring.config.annotation.DelegatingMetricsConfiguration' of type [class com.ryantenney.metrics.spring.config.annotation.DelegatingMetricsConfiguration$$EnhancerBySpringCGLIB$$7cab8740] is not eligible for getting processed by all BeanPostProcessors (for example: not eligible for auto-proxying)
2015-08-01 16:50:56.948  INFO 83006 --- [main] trationDelegate$BeanPostProcessorChecker : Bean 'getMetricRegistry' of type [class com.codahale.metrics.MetricRegistry] is not eligible for getting processed by all BeanPostProcessors (for example: not eligible for auto-proxying)
2015-08-01 16:50:56.997  INFO 83006 --- [main] trationDelegate$BeanPostProcessorChecker : Bean 'getHealthCheckRegistry' of type [class com.codahale.metrics.health.HealthCheckRegistry] is not eligible for getting processed by all BeanPostProcessors (for example: not eligible for auto-proxying)
2015-08-01 16:50:57.608  INFO 83006 --- [main] e.j.JettyEmbeddedServletContainerFactory : Server initialized with port: 8081
2015-08-01 16:50:57.612  INFO 83006 --- [main] org.eclipse.jetty.server.Server          : jetty-9.2.10.v20150310
2015-08-01 16:50:57.788  INFO 83006 --- [main] /                                        : Initializing Spring embedded WebApplicationContext
2015-08-01 16:50:57.788  INFO 83006 --- [main] o.s.web.context.ContextLoader            : Root WebApplicationContext: initialization completed in 2790 ms
2015-08-01 16:50:59.247  INFO 83006 --- [main] o.s.b.a.e.mvc.EndpointHandlerMapping     : Mapped "{[/env/{name:.*}],methods=[GET]}" onto public java.lang.Object org.springframework.boot.actuate.endpoint.mvc.EnvironmentMvcEndpoint.value(java.lang.String)
2015-08-01 16:50:59.247  INFO 83006 --- [main] o.s.b.a.e.mvc.EndpointHandlerMapping     : Mapped "{[/env],methods=[GET]}" onto public java.lang.Object org.springframework.boot.actuate.endpoint.mvc.EndpointMvcAdapter.invoke()
2015-08-01 16:50:59.248  INFO 83006 --- [main] o.s.b.a.e.mvc.EndpointHandlerMapping     : Mapped "{[/trace],methods=[GET]}" onto public java.lang.Object org.springframework.boot.actuate.endpoint.mvc.EndpointMvcAdapter.invoke()
2015-08-01 16:50:59.248  INFO 83006 --- [main] o.s.b.a.e.mvc.EndpointHandlerMapping     : Mapped "{[/metrics/{name:.*}],methods=[GET]}" onto public java.lang.Object org.springframework.boot.actuate.endpoint.mvc.MetricsMvcEndpoint.value(java.lang.String)
2015-08-01 16:50:59.248  INFO 83006 --- [main] o.s.b.a.e.mvc.EndpointHandlerMapping     : Mapped "{[/metrics],methods=[GET]}" onto public java.lang.Object org.springframework.boot.actuate.endpoint.mvc.EndpointMvcAdapter.invoke()
2015-08-01 16:50:59.249  INFO 83006 --- [main] o.s.b.a.e.mvc.EndpointHandlerMapping     : Mapped "{[/dump],methods=[GET]}" onto public java.lang.Object org.springframework.boot.actuate.endpoint.mvc.EndpointMvcAdapter.invoke()
2015-08-01 16:50:59.249  INFO 83006 --- [main] o.s.b.a.e.mvc.EndpointHandlerMapping     : Mapped "{[/autoconfig],methods=[GET]}" onto public java.lang.Object org.springframework.boot.actuate.endpoint.mvc.EndpointMvcAdapter.invoke()
2015-08-01 16:50:59.249  INFO 83006 --- [main] o.s.b.a.e.mvc.EndpointHandlerMapping     : Mapped "{[/health]}" onto public java.lang.Object org.springframework.boot.actuate.endpoint.mvc.HealthMvcEndpoint.invoke(java.security.Principal)
2015-08-01 16:50:59.250  INFO 83006 --- [main] o.s.b.a.e.mvc.EndpointHandlerMapping     : Mapped "{[/configprops],methods=[GET]}" onto public java.lang.Object org.springframework.boot.actuate.endpoint.mvc.EndpointMvcAdapter.invoke()
2015-08-01 16:50:59.250  INFO 83006 --- [main] o.s.b.a.e.mvc.EndpointHandlerMapping     : Mapped "{[/mappings],methods=[GET]}" onto public java.lang.Object org.springframework.boot.actuate.endpoint.mvc.EndpointMvcAdapter.invoke()
2015-08-01 16:50:59.250  INFO 83006 --- [main] o.s.b.a.e.mvc.EndpointHandlerMapping     : Mapped "{[/info],methods=[GET]}" onto public java.lang.Object org.springframework.boot.actuate.endpoint.mvc.EndpointMvcAdapter.invoke()
2015-08-01 16:50:59.253  INFO 83006 --- [main] o.s.b.a.e.mvc.EndpointHandlerMapping     : Mapped "{[/beans],methods=[GET]}" onto public java.lang.Object org.springframework.boot.actuate.endpoint.mvc.EndpointMvcAdapter.invoke()
2015-08-01 16:50:59.409  INFO 83006 --- [main] b.a.s.AuthenticationManagerConfiguration : 

Using default security password: 04ef2919-034e-497a-886c-faaa6944b8b8

2015-08-01 16:50:59.482  INFO 83006 --- [main] o.s.s.web.DefaultSecurityFilterChain     : Creating filter chain: Ant [pattern='/css/**'], []
2015-08-01 16:50:59.483  INFO 83006 --- [main] o.s.s.web.DefaultSecurityFilterChain     : Creating filter chain: Ant [pattern='/js/**'], []
2015-08-01 16:50:59.483  INFO 83006 --- [main] o.s.s.web.DefaultSecurityFilterChain     : Creating filter chain: Ant [pattern='/images/**'], []
2015-08-01 16:50:59.483  INFO 83006 --- [main] o.s.s.web.DefaultSecurityFilterChain     : Creating filter chain: Ant [pattern='/**/favicon.ico'], []
2015-08-01 16:50:59.483  INFO 83006 --- [main] o.s.s.web.DefaultSecurityFilterChain     : Creating filter chain: Ant [pattern='/error'], []
2015-08-01 16:50:59.519  INFO 83006 --- [main] o.s.s.web.DefaultSecurityFilterChain     : Creating filter chain: org.springframework.security.web.util.matcher.AnyRequestMatcher@1, [org.springframework.security.web.context.request.async.WebAsyncManagerIntegrationFilter@309e7215, org.springframework.security.web.context.SecurityContextPersistenceFilter@7fdabb3b, org.springframework.security.web.header.HeaderWriterFilter@7607340f, org.springframework.security.web.authentication.logout.LogoutFilter@96c840a, org.springframework.security.web.savedrequest.RequestCacheAwareFilter@1b881f1f, org.springframework.security.web.servletapi.SecurityContextHolderAwareRequestFilter@7bc6b117, org.springframework.security.web.authentication.AnonymousAuthenticationFilter@1b30b6f8, org.springframework.security.web.session.SessionManagementFilter@281963c, org.springframework.security.web.access.ExceptionTranslationFilter@77972964, org.springframework.security.web.access.intercept.FilterSecurityInterceptor@4cd6f08b]
2015-08-01 16:50:59.529  INFO 83006 --- [main] o.s.s.web.DefaultSecurityFilterChain     : Creating filter chain: OrRequestMatcher [requestMatchers=[Ant [pattern='/health'], Ant [pattern='/health/**'], Ant [pattern='/health.*'], Ant [pattern='/info'], Ant [pattern='/info/**'], Ant [pattern='/info.*'], Ant [pattern='/env'], Ant [pattern='/env/**'], Ant [pattern='/env.*'], Ant [pattern='/trace'], Ant [pattern='/trace/**'], Ant [pattern='/trace.*'], Ant [pattern='/metrics'], Ant [pattern='/metrics/**'], Ant [pattern='/metrics.*'], Ant [pattern='/dump'], Ant [pattern='/dump/**'], Ant [pattern='/dump.*'], Ant [pattern='/autoconfig'], Ant [pattern='/autoconfig/**'], Ant [pattern='/autoconfig.*'], Ant [pattern='/configprops'], Ant [pattern='/configprops/**'], Ant [pattern='/configprops.*'], Ant [pattern='/mappings'], Ant [pattern='/mappings/**'], Ant [pattern='/mappings.*'], Ant [pattern='/beans'], Ant [pattern='/beans/**'], Ant [pattern='/beans.*']]], [org.springframework.security.web.context.request.async.WebAsyncManagerIntegrationFilter@13f7c165, org.springframework.security.web.context.SecurityContextPersistenceFilter@5eb9bf7d, org.springframework.security.web.header.HeaderWriterFilter@7fa68ff4, org.springframework.security.web.authentication.logout.LogoutFilter@16c1d11, org.springframework.security.web.authentication.www.BasicAuthenticationFilter@7d60bd5a, org.springframework.security.web.savedrequest.RequestCacheAwareFilter@64f613da, org.springframework.security.web.servletapi.SecurityContextHolderAwareRequestFilter@2f64f99f, org.springframework.security.web.authentication.AnonymousAuthenticationFilter@655f92a1, org.springframework.security.web.session.SessionManagementFilter@515fff35, org.springframework.security.web.access.ExceptionTranslationFilter@38e052b2, org.springframework.security.web.access.intercept.FilterSecurityInterceptor@1c25deb0]
2015-08-01 16:50:59.626  INFO 83006 --- [main] o.s.s.web.DefaultSecurityFilterChain     : Creating filter chain: org.springframework.boot.autoconfigure.security.SpringBootWebSecurityConfiguration$ApplicationNoWebSecurityConfigurerAdapter$1@4e782401, [org.springframework.security.web.context.request.async.WebAsyncManagerIntegrationFilter@2bb84aa5, org.springframework.security.web.context.SecurityContextPersistenceFilter@e2ee348, org.springframework.security.web.header.HeaderWriterFilter@6f5288c5, org.springframework.security.web.csrf.CsrfFilter@1a05ff8e, org.springframework.security.web.authentication.logout.LogoutFilter@37b5a51c, org.springframework.security.web.savedrequest.RequestCacheAwareFilter@61f08aa9, org.springframework.security.web.servletapi.SecurityContextHolderAwareRequestFilter@1a1f22f2, org.springframework.security.web.authentication.AnonymousAuthenticationFilter@4853f592, org.springframework.security.web.session.SessionManagementFilter@5a9ef32e, org.springframework.security.web.access.ExceptionTranslationFilter@1abea1ed]
2015-08-01 16:50:59.784  INFO 83006 --- [main] o.s.b.c.embedded.FilterRegistrationBean  : Mapping filter: 'metricFilter' to: [/*]
2015-08-01 16:50:59.785  INFO 83006 --- [main] o.s.b.c.embedded.FilterRegistrationBean  : Mapping filter: 'characterEncodingFilter' to: [/*]
2015-08-01 16:50:59.785  INFO 83006 --- [main] o.s.b.c.embedded.FilterRegistrationBean  : Mapping filter: 'hiddenHttpMethodFilter' to: [/*]
2015-08-01 16:50:59.786  INFO 83006 --- [main] o.s.b.c.embedded.FilterRegistrationBean  : Mapping filter: 'springSecurityFilterChain' to: [/*]
2015-08-01 16:50:59.786  INFO 83006 --- [main] o.s.b.c.embedded.FilterRegistrationBean  : Mapping filter: 'webRequestLoggingFilter' to: [/*]
2015-08-01 16:50:59.787  INFO 83006 --- [main] o.s.b.c.embedded.FilterRegistrationBean  : Mapping filter: 'oncePerRequestFilter' to: [/*]
2015-08-01 16:50:59.787  INFO 83006 --- [main] o.s.b.c.embedded.FilterRegistrationBean  : Mapping filter: 'applicationContextIdFilter' to: [/*]
2015-08-01 16:50:59.787  INFO 83006 --- [main] o.s.b.c.e.ServletRegistrationBean        : Mapping servlet: 'dispatcherServlet' to [/]
2015-08-01 16:50:59.962  INFO 83006 --- [main] o.e.jetty.server.handler.ContextHandler  : Started o.s.b.c.e.j.JettyEmbeddedWebAppContext@1aea759d{/,null,AVAILABLE}
2015-08-01 16:50:59.962  INFO 83006 --- [main] org.eclipse.jetty.server.Server          : Started @6628ms
2015-08-01 16:51:00.112  INFO 83006 --- [main] s.w.s.m.m.a.RequestMappingHandlerMapping : Mapped "{[/api/greeting],methods=[GET],produces=[application/json]}" onto public void tchepannou.archetypes.springboot.controller.GreetingController.greeting(java.lang.String)
2015-08-01 16:51:00.114  INFO 83006 --- [main] s.w.s.m.m.a.RequestMappingHandlerMapping : Mapped "{[/api-docs],methods=[GET]}" onto public org.springframework.http.ResponseEntity<com.wordnik.swagger.model.ResourceListing> com.mangofactory.swagger.controllers.DefaultSwaggerController.getResourceListing(java.lang.String)
2015-08-01 16:51:00.115  INFO 83006 --- [main] s.w.s.m.m.a.RequestMappingHandlerMapping : Mapped "{[/api-docs/{swaggerGroup}/{apiDeclaration}],methods=[GET]}" onto public org.springframework.http.ResponseEntity<com.wordnik.swagger.model.ApiListing> com.mangofactory.swagger.controllers.DefaultSwaggerController.getApiListing(java.lang.String,java.lang.String)
2015-08-01 16:51:00.116  INFO 83006 --- [main] s.w.s.m.m.a.RequestMappingHandlerMapping : Mapped "{[/error]}" onto public org.springframework.http.ResponseEntity<java.util.Map<java.lang.String, java.lang.Object>> org.springframework.boot.autoconfigure.web.BasicErrorController.error(javax.servlet.http.HttpServletRequest)
2015-08-01 16:51:00.117  INFO 83006 --- [main] s.w.s.m.m.a.RequestMappingHandlerMapping : Mapped "{[/error],produces=[text/html]}" onto public org.springframework.web.servlet.ModelAndView org.springframework.boot.autoconfigure.web.BasicErrorController.errorHtml(javax.servlet.http.HttpServletRequest)
2015-08-01 16:51:00.310  INFO 83006 --- [main] s.w.s.m.m.a.RequestMappingHandlerAdapter : Looking for @ControllerAdvice: org.springframework.boot.context.embedded.AnnotationConfigEmbeddedWebApplicationContext@2374d36a: startup date [Sat Aug 01 16:50:54 EDT 2015]; root of context hierarchy
2015-08-01 16:51:00.405  INFO 83006 --- [main] o.s.w.s.handler.SimpleUrlHandlerMapping  : Mapped URL path [/webjars/**] onto handler of type [class org.springframework.web.servlet.resource.ResourceHttpRequestHandler]
2015-08-01 16:51:00.406  INFO 83006 --- [main] o.s.w.s.handler.SimpleUrlHandlerMapping  : Mapped URL path [/**] onto handler of type [class org.springframework.web.servlet.resource.ResourceHttpRequestHandler]
2015-08-01 16:51:00.437  INFO 83006 --- [main] o.s.w.s.handler.SimpleUrlHandlerMapping  : Mapped URL path [/**/favicon.ico] onto handler of type [class org.springframework.web.servlet.resource.ResourceHttpRequestHandler]
2015-08-01 16:51:00.584  INFO 83006 --- [main] c.m.swagger.plugin.SwaggerPluginAdapter  : Context refreshed
2015-08-01 16:51:00.585  INFO 83006 --- [main] c.m.swagger.plugin.SwaggerPluginAdapter  : Found custom SwaggerSpringMvcPlugins
2015-08-01 16:51:00.585  INFO 83006 --- [main] c.m.swagger.plugin.SwaggerPluginAdapter  : initializing plugin bean customImplementation
2015-08-01 16:51:00.603  INFO 83006 --- [main] c.m.s.s.ApiListingReferenceScanner       : Scanning for api listing references
2015-08-01 16:51:00.603  INFO 83006 --- [main] c.m.s.s.ApiListingReferenceScanner       : RequestMappingInfo did not match any include patterns: | {[/env/{name:.*}],methods=[GET]}
2015-08-01 16:51:00.603  INFO 83006 --- [main] c.m.s.s.ApiListingReferenceScanner       : RequestMappingInfo did not match any include patterns: | {[/env],methods=[GET]}
2015-08-01 16:51:00.603  INFO 83006 --- [main] c.m.s.s.ApiListingReferenceScanner       : RequestMappingInfo did not match any include patterns: | {[/trace],methods=[GET]}
2015-08-01 16:51:00.604  INFO 83006 --- [main] c.m.s.s.ApiListingReferenceScanner       : RequestMappingInfo did not match any include patterns: | {[/metrics/{name:.*}],methods=[GET]}
2015-08-01 16:51:00.604  INFO 83006 --- [main] c.m.s.s.ApiListingReferenceScanner       : RequestMappingInfo did not match any include patterns: | {[/metrics],methods=[GET]}
2015-08-01 16:51:00.604  INFO 83006 --- [main] c.m.s.s.ApiListingReferenceScanner       : RequestMappingInfo did not match any include patterns: | {[/dump],methods=[GET]}
2015-08-01 16:51:00.604  INFO 83006 --- [main] c.m.s.s.ApiListingReferenceScanner       : RequestMappingInfo did not match any include patterns: | {[/autoconfig],methods=[GET]}
2015-08-01 16:51:00.604  INFO 83006 --- [main] c.m.s.s.ApiListingReferenceScanner       : RequestMappingInfo did not match any include patterns: | {[/health]}
2015-08-01 16:51:00.605  INFO 83006 --- [main] c.m.s.s.ApiListingReferenceScanner       : RequestMappingInfo did not match any include patterns: | {[/configprops],methods=[GET]}
2015-08-01 16:51:00.605  INFO 83006 --- [main] c.m.s.s.ApiListingReferenceScanner       : RequestMappingInfo did not match any include patterns: | {[/mappings],methods=[GET]}
2015-08-01 16:51:00.605  INFO 83006 --- [main] c.m.s.s.ApiListingReferenceScanner       : RequestMappingInfo did not match any include patterns: | {[/info],methods=[GET]}
2015-08-01 16:51:00.607  INFO 83006 --- [main] c.m.s.s.ApiListingReferenceScanner       : RequestMappingInfo did not match any include patterns: | {[/beans],methods=[GET]}
2015-08-01 16:51:00.613  INFO 83006 --- [main] c.m.s.s.ApiListingReferenceScanner       : Request mapping: greeting belongs to groups: [[ResourceGroup{groupName='greeting'}]] 
2015-08-01 16:51:00.614  INFO 83006 --- [main] c.m.s.s.ApiListingReferenceScanner       : Adding resource to group:ResourceGroup{groupName='greeting'} with description:Greeting for handler method:greeting
2015-08-01 16:51:00.614  INFO 83006 --- [main] c.m.s.s.ApiListingReferenceScanner       : Excluding method as it contains the excluded annotation: interface com.mangofactory.swagger.annotations.ApiIgnore
2015-08-01 16:51:00.615  INFO 83006 --- [main] c.m.s.s.ApiListingReferenceScanner       : Excluding method as it contains the excluded annotation: interface com.mangofactory.swagger.annotations.ApiIgnore
2015-08-01 16:51:00.615  INFO 83006 --- [main] c.m.s.s.ApiListingReferenceScanner       : RequestMappingInfo did not match any include patterns: | {[/error]}
2015-08-01 16:51:00.616  INFO 83006 --- [main] c.m.s.s.ApiListingReferenceScanner       : RequestMappingInfo did not match any include patterns: | {[/error],produces=[text/html]}
2015-08-01 16:51:00.626  INFO 83006 --- [main] c.m.s.s.ApiListingReferenceScanner       : Created resource listing Path: /default/greeting Description: greeting Position: 0
2015-08-01 16:51:01.030  INFO 83006 --- [main] c.m.s.core.SwaggerApiResourceListing     : Added a resource listing with (1) api resources: 
2015-08-01 16:51:01.030  INFO 83006 --- [main] c.m.s.core.SwaggerApiResourceListing     :   Greeting at location: /api-docs/default/greeting
2015-08-01 16:51:01.035  INFO 83006 --- [main] /                                        : Initializing Spring FrameworkServlet 'dispatcherServlet'
2015-08-01 16:51:01.036  INFO 83006 --- [main] o.s.web.servlet.DispatcherServlet        : FrameworkServlet 'dispatcherServlet': initialization started
2015-08-01 16:51:01.049  INFO 83006 --- [main] o.s.web.servlet.DispatcherServlet        : FrameworkServlet 'dispatcherServlet': initialization completed in 13 ms
2015-08-01 16:51:01.109  INFO 83006 --- [main] o.eclipse.jetty.server.ServerConnector   : Started ServerConnector@2934e57f{HTTP/1.1}{0.0.0.0:8081}
2015-08-01 16:51:01.115  INFO 83006 --- [main] .s.b.c.e.j.JettyEmbeddedServletContainer : Jetty started on port(s) 8081 (http/1.1)
2015-08-01 16:51:01.122  INFO 83006 --- [main] t.a.springboot.controller.HealthCheckIT  : Started HealthCheckIT in 6.739 seconds (JVM running for 7.788)
2015-08-01 16:51:02.721  INFO 83006 --- [Thread-2] ationConfigEmbeddedWebApplicationContext : Closing org.springframework.boot.context.embedded.AnnotationConfigEmbeddedWebApplicationContext@2374d36a: startup date [Sat Aug 01 16:50:54 EDT 2015]; root of context hierarchy
2015-08-01 16:51:02.807  INFO 83006 --- [Thread-2] o.eclipse.jetty.server.ServerConnector   : Stopped ServerConnector@2934e57f{HTTP/1.1}{0.0.0.0:8081}
2015-08-01 16:51:02.810  INFO 83006 --- [Thread-2] /                                        : Destroying Spring FrameworkServlet 'dispatcherServlet'
2015-08-01 16:51:02.811  INFO 83006 --- [Thread-2] o.e.jetty.server.handler.ContextHandler  : Stopped o.s.b.c.e.j.JettyEmbeddedWebAppContext@1aea759d{/,null,UNAVAILABLE}
